[08:34:29] [main/INFO]: Environment: authHost='https://authserver.mojang.com', accountsHost='https://api.mojang.com', sessionHost='https://sessionserver.mojang.com', servicesHost='https://api.minecraftservices.com', name='PROD'
[08:34:29] [main/WARN]: Ambiguity between arguments [teleport, destination] and [teleport, targets] with inputs: [Player, 0123, @e, dd12be42-52a9-4a91-a8a1-11c01849e498]
[08:34:29] [main/WARN]: Ambiguity between arguments [teleport, location] and [teleport, destination] with inputs: [0.1 -0.5 .9, 0 0 0]
[08:34:29] [main/WARN]: Ambiguity between arguments [teleport, location] and [teleport, targets] with inputs: [0.1 -0.5 .9, 0 0 0]
[08:34:29] [main/WARN]: Ambiguity between arguments [teleport, targets] and [teleport, destination] with inputs: [Player, 0123, dd12be42-52a9-4a91-a8a1-11c01849e498]
[08:34:29] [main/WARN]: Ambiguity between arguments [teleport, targets, location] and [teleport, targets, destination] with inputs: [0.1 -0.5 .9, 0 0 0]
[08:34:29] [main/INFO]: Reloading ResourceManager: Default
[08:34:30] [Worker-Main-11/INFO]: Loaded 7 recipes
[08:34:30] [Worker-Main-11/INFO]: Loaded 927 advancements
[08:34:31] [Server thread/INFO]: Starting minecraft server version 1.16.5
[08:34:31] [Server thread/INFO]: Loading properties
[08:34:31] [Server thread/INFO]: Default game type: SURVIVAL
[08:34:31] [Server thread/INFO]: Generating keypair
[08:34:31] [Server thread/INFO]: Starting Minecraft server on *:25565
[08:34:31] [Server thread/INFO]: Using default channel type
[08:34:31] [Server thread/INFO]: Preparing level "Justus + Me"
[08:34:32] [Server thread/WARN]: Unable to find spawn biome
[08:34:51] [Server thread/INFO]: Preparing start region for dimension minecraft:overworld
[08:34:51] [Worker-Main-10/INFO]: Preparing spawn area: 100%
[08:34:51] [Worker-Main-12/INFO]: Preparing spawn area: 100%
[08:34:52] [Worker-Main-12/INFO]: Preparing spawn area: 100%
[08:34:52] [Worker-Main-8/INFO]: Preparing spawn area: 100%
[08:34:53] [Worker-Main-11/INFO]: Preparing spawn area: 100%
[08:34:53] [Worker-Main-10/INFO]: Preparing spawn area: 100%
[08:34:54] [Worker-Main-12/INFO]: Preparing spawn area: 100%
[08:34:54] [Worker-Main-9/INFO]: Preparing spawn area: 100%
[08:34:55] [Server thread/INFO]: Time elapsed: 3929 ms
[08:34:55] [Server thread/INFO]: Done (23.586s)! For help, type "help"
[08:34:59] [Server thread/INFO]: Stopping the server
[08:35:00] [Server thread/INFO]: Stopping server
[08:35:00] [Server thread/INFO]: Saving players
[08:35:00] [Server thread/INFO]: Saving worlds
[08:35:00] [Server thread/INFO]: Saving chunks for level 'ServerLevel[Justus + Me]'/minecraft:overworld
[08:35:01] [Server thread/INFO]: ThreadedAnvilChunkStorage (Justus + Me): All chunks are saved
[08:35:01] [Server thread/INFO]: Saving chunks for level 'ServerLevel[Justus + Me]'/minecraft:the_nether
[08:35:01] [Server thread/INFO]: ThreadedAnvilChunkStorage (DIM-1): All chunks are saved
[08:35:01] [Server thread/INFO]: Saving chunks for level 'ServerLevel[Justus + Me]'/minecraft:the_end
[08:35:01] [Server thread/INFO]: ThreadedAnvilChunkStorage (DIM1): All chunks are saved
[08:35:01] [Server thread/INFO]: ThreadedAnvilChunkStorage (Justus + Me): All chunks are saved
[08:35:01] [Server thread/INFO]: ThreadedAnvilChunkStorage (DIM-1): All chunks are saved
[08:35:01] [Server thread/INFO]: ThreadedAnvilChunkStorage (DIM1): All chunks are saved
